2023-04-22 15:50:48,197 [INFO] Activator:179 - 


2023-04-22 15:50:48,198 [INFO] Activator:180 - !SESSION log4j initialized
2023-04-22 15:50:51,416 [ERROR] LogOutputStream:74 - [STDERR_REDIRECT] SWT WebKitGDBus: error finishing connection: Error receiving data: Connection reset by peer
2023-04-22 15:51:11,705 [ERROR] LogOutputStream:74 - [STDERR_REDIRECT] SLF4J: Failed to load class "org.slf4j.impl.StaticLoggerBinder".
2023-04-22 15:51:11,706 [ERROR] LogOutputStream:74 - [STDERR_REDIRECT] SLF4J: Defaulting to no-operation (NOP) logger implementation
2023-04-22 15:51:11,707 [ERROR] LogOutputStream:74 - [STDERR_REDIRECT] SLF4J: See http://www.slf4j.org/codes.html#StaticLoggerBinder for further details.
2023-04-22 15:53:24,274 [INFO] McuFinderGlobals:52 - Set McuFinder mode to 2 (CubeIDE integrated)
2023-04-22 15:53:24,431 [INFO] ApplicationProperties:181 - Using Application install path: /opt/st/stm32cubeide_1.11.0/plugins/com.st.stm32cube.common.mx_6.7.0.202211181646
2023-04-22 15:53:24,453 [INFO] DbMcusXml:77 - Set database path to: /opt/st/stm32cubeide_1.11.0/plugins/com.st.stm32cube.common.mx_6.7.0.202211181646//db//mcu/
2023-04-22 15:53:24,454 [INFO] ApiDb:273 - Set plugin database path to: /opt/st/stm32cubeide_1.11.0/plugins/com.st.stm32cube.common.mx_6.7.0.202211181646//db//plugins/boardmanager/
2023-04-22 15:53:24,458 [WARN] ApiDb:258 - Overriding images path with different value:  => /opt/st/stm32cubeide_1.11.0/plugins/com.st.stm32cube.common.mx_6.7.0.202211181646//db//plugins/mcufinder/images/
2023-04-22 15:53:24,494 [INFO] ApiDb:249 - Set database path to: /home/tej/.stmcufinder/plugins/mcufinder//mcu/
2023-04-22 15:53:24,497 [INFO] DbMcusAds:124 - Set database path to: /home/tej/.stmcufinder/plugins/mcufinder//mcu/
2023-04-22 15:53:24,516 [INFO] CrossReferenceDbSqlite:202 - Set database path to: /home/tej/.stmcufinder/plugins/mcufinder//mcu/cs/
2023-04-22 15:53:24,664 [INFO] RulesReader:61 - Compatibility file has been processed (283 Rules)
2023-04-22 15:53:24,742 [INFO] DbMcusXml:77 - Set database path to: /opt/st/stm32cubeide_1.11.0/plugins/com.st.stm32cube.common.mx_6.7.0.202211181646//db//mcu/
2023-04-22 15:53:24,743 [INFO] ApiDb:273 - Set plugin database path to: /opt/st/stm32cubeide_1.11.0/plugins/com.st.stm32cube.common.mx_6.7.0.202211181646//db//plugins/boardmanager/
2023-04-22 15:53:24,743 [INFO] ApiDb:260 - Set plugin images path to: /opt/st/stm32cubeide_1.11.0/plugins/com.st.stm32cube.common.mx_6.7.0.202211181646//db//plugins/mcufinder/images/
2023-04-22 15:53:24,744 [WARN] DbFile:40 - Overriding database path with different value: /home/tej/.stmcufinder/plugins/mcufinder/ => /home/tej/.stmcufinder/plugins/mcufinder
2023-04-22 15:53:24,745 [INFO] ApiDb:249 - Set database path to: /home/tej/.stmcufinder/plugins/mcufinder//mcu/
2023-04-22 15:53:24,746 [WARN] DbFile:40 - Overriding database path with different value: /home/tej/.stmcufinder/plugins/mcufinder/ => /home/tej/.stmcufinder/plugins/mcufinder
2023-04-22 15:53:24,746 [INFO] DbMcusAds:124 - Set database path to: /home/tej/.stmcufinder/plugins/mcufinder//mcu/
2023-04-22 15:53:24,747 [WARN] DbFile:40 - Overriding database path with different value: /home/tej/.stmcufinder/plugins/mcufinder/ => /home/tej/.stmcufinder/plugins/mcufinder
2023-04-22 15:53:24,747 [WARN] DbFile:40 - Overriding database path with different value: /home/tej/.stmcufinder/plugins/mcufinder/ => /home/tej/.stmcufinder/plugins/mcufinder
2023-04-22 15:53:24,747 [INFO] CrossReferenceDbSqlite:202 - Set database path to: /home/tej/.stmcufinder/plugins/mcufinder//mcu/cs/
2023-04-22 15:53:24,828 [INFO] MainPanel:252 - HeapMemory: 441450496
2023-04-22 15:53:24,941 [INFO] DbMcusXml:77 - Set database path to: /opt/st/stm32cubeide_1.11.0/plugins/com.st.stm32cube.common.mx_6.7.0.202211181646//db//mcu/
2023-04-22 15:53:24,941 [INFO] ApiDb:273 - Set plugin database path to: /opt/st/stm32cubeide_1.11.0/plugins/com.st.stm32cube.common.mx_6.7.0.202211181646//db//plugins/boardmanager/
2023-04-22 15:53:24,942 [INFO] ApiDb:260 - Set plugin images path to: /opt/st/stm32cubeide_1.11.0/plugins/com.st.stm32cube.common.mx_6.7.0.202211181646//db//plugins/mcufinder/images/
2023-04-22 15:53:24,942 [WARN] DbFile:40 - Overriding database path with different value: /home/tej/.stmcufinder/plugins/mcufinder/ => /home/tej/.stmcufinder/plugins/mcufinder
2023-04-22 15:53:24,942 [INFO] ApiDb:249 - Set database path to: /home/tej/.stmcufinder/plugins/mcufinder//mcu/
2023-04-22 15:53:24,943 [WARN] DbFile:40 - Overriding database path with different value: /home/tej/.stmcufinder/plugins/mcufinder/ => /home/tej/.stmcufinder/plugins/mcufinder
2023-04-22 15:53:24,943 [INFO] DbMcusAds:124 - Set database path to: /home/tej/.stmcufinder/plugins/mcufinder//mcu/
2023-04-22 15:53:24,943 [WARN] DbFile:40 - Overriding database path with different value: /home/tej/.stmcufinder/plugins/mcufinder/ => /home/tej/.stmcufinder/plugins/mcufinder
2023-04-22 15:53:24,943 [WARN] DbFile:40 - Overriding database path with different value: /home/tej/.stmcufinder/plugins/mcufinder/ => /home/tej/.stmcufinder/plugins/mcufinder
2023-04-22 15:53:24,943 [INFO] CrossReferenceDbSqlite:202 - Set database path to: /home/tej/.stmcufinder/plugins/mcufinder//mcu/cs/
2023-04-22 15:53:24,966 [INFO] ApplicationProperties:181 - Using Application install path: /opt/st/stm32cubeide_1.11.0/plugins/com.st.stm32cube.common.mx_6.7.0.202211181646
2023-04-22 15:53:24,968 [INFO] PluginManage:193 - Search for loadable plugins [exclusion list=, ]
2023-04-22 15:53:24,970 [INFO] PluginManage:307 - Check plugin analytics
2023-04-22 15:53:25,157 [INFO] AnalyticsPlugin:262 - Accepted Software Licenses: 
2023-04-22 15:53:25,160 [INFO] AnalyticsPlugin:264 - Accepted CMSIS Pack Licenses: 
2023-04-22 15:53:25,160 [INFO] AnalyticsPlugin:266 - Accepted Firmware Licenses: FW.F4.1.27.0
2023-04-22 15:53:25,175 [INFO] PluginManage:356 - Loaded plugin analytics (category:tool,tabindex:-1)
2023-04-22 15:53:25,175 [INFO] PluginManage:307 - Check plugin cadmodel
2023-04-22 15:53:25,477 [INFO] CADModel:104 - Init CAD model plugin
2023-04-22 15:53:25,484 [INFO] PluginManage:356 - Loaded plugin cadmodel (category:power,tabindex:5)
2023-04-22 15:53:25,484 [INFO] PluginManage:307 - Check plugin clock
2023-04-22 15:53:25,497 [INFO] PluginManage:356 - Loaded plugin clock (category:base,tabindex:2)
2023-04-22 15:53:25,497 [INFO] PluginManage:307 - Check plugin ddr
2023-04-22 15:53:25,500 [INFO] PluginManage:356 - Loaded plugin ddr (category:tool,tabindex:6)
2023-04-22 15:53:25,501 [INFO] PluginManage:307 - Check plugin filemanager
2023-04-22 15:53:25,685 [INFO] PluginManage:356 - Loaded plugin filemanager (category:base,tabindex:10)
2023-04-22 15:53:25,686 [INFO] PluginManage:307 - Check plugin ipmanager
2023-04-22 15:53:25,693 [INFO] PluginManage:356 - Loaded plugin ipmanager (category:base,tabindex:5)
2023-04-22 15:53:25,694 [INFO] PluginManage:307 - Check plugin lpbam
2023-04-22 15:53:25,712 [INFO] PluginManage:356 - Loaded plugin lpbam (category:base,tabindex:0)
2023-04-22 15:53:25,713 [INFO] PluginManage:307 - Check plugin pinoutandconfiguration
2023-04-22 15:53:25,728 [INFO] PluginManage:356 - Loaded plugin pinoutandconfiguration (category:base,tabindex:1)
2023-04-22 15:53:25,730 [INFO] PluginManage:307 - Check plugin pinoutconfig
2023-04-22 15:53:25,787 [INFO] PluginManage:356 - Loaded plugin pinoutconfig (category:base,tabindex:0)
2023-04-22 15:53:25,787 [INFO] PluginManage:307 - Check plugin power
2023-04-22 15:53:25,807 [INFO] PluginManage:356 - Loaded plugin power (category:power,tabindex:4)
2023-04-22 15:53:25,809 [INFO] PluginManage:307 - Check plugin projectmanager
2023-04-22 15:53:25,835 [INFO] PluginManage:356 - Loaded plugin projectmanager (category:projectmanager,tabindex:3)
2023-04-22 15:53:25,835 [INFO] PluginManage:307 - Check plugin thirdparty
2023-04-22 15:53:26,081 [INFO] PluginManage:356 - Loaded plugin thirdparty (category:base,tabindex:-1)
2023-04-22 15:53:26,081 [INFO] PluginManage:307 - Check plugin tools
2023-04-22 15:53:26,082 [WARN] IntegrityCheckThread:82 - waiting for thirdparty lock release [integrity check]
2023-04-22 15:53:26,085 [INFO] PluginManage:356 - Loaded plugin tools (category:base,tabindex:7)
2023-04-22 15:53:26,086 [INFO] PluginManage:307 - Check plugin tutovideos
2023-04-22 15:53:26,087 [INFO] IntegrityCheckThread:84 - entering critical section [integrity check]
2023-04-22 15:53:26,095 [INFO] ThirdPartyUpdaterWithRetryManager:70 - Updater plugin not ready yet. [1/15]
2023-04-22 15:53:26,419 [INFO] PluginManage:356 - Loaded plugin tutovideos (category:base,tabindex:-1)
2023-04-22 15:53:26,419 [INFO] PluginManage:307 - Check plugin updater
2023-04-22 15:53:26,451 [INFO] PluginManage:356 - Loaded plugin updater (category:base,tabindex:12)
2023-04-22 15:53:26,453 [INFO] PluginManage:280 - PluginManage : Loaded plugins [15]
2023-04-22 15:53:26,828 [INFO] PinOutPanel:1477 - setPackage(No Configuration,No Configuration)
2023-04-22 15:53:26,899 [INFO] CADModel:164 - CPN selected for project level
2023-04-22 15:53:26,899 [INFO] CADModel:113 - Register for checkConnection events
2023-04-22 15:53:26,913 [INFO] IPUIPlugin:79 - create IPUIPlugin
2023-04-22 15:53:26,914 [INFO] PluginManager:219 - loadIPPluginJar : add ipddr
2023-04-22 15:53:26,916 [INFO] IPUIPlugin:79 - create IPUIPlugin
2023-04-22 15:53:26,916 [INFO] PluginManager:219 - loadIPPluginJar : add i2s
2023-04-22 15:53:26,918 [INFO] IPUIPlugin:79 - create IPUIPlugin
2023-04-22 15:53:26,919 [INFO] PluginManager:219 - loadIPPluginJar : add hash
2023-04-22 15:53:26,921 [INFO] IPUIPlugin:79 - create IPUIPlugin
2023-04-22 15:53:26,921 [INFO] PluginManager:219 - loadIPPluginJar : add can
2023-04-22 15:53:26,923 [INFO] IPUIPlugin:79 - create IPUIPlugin
2023-04-22 15:53:26,923 [INFO] PluginManager:219 - loadIPPluginJar : add lorawan
2023-04-22 15:53:26,925 [INFO] IPUIPlugin:79 - create IPUIPlugin
2023-04-22 15:53:26,925 [INFO] PluginManager:219 - loadIPPluginJar : add fatfs
2023-04-22 15:53:26,927 [INFO] IPUIPlugin:79 - create IPUIPlugin
2023-04-22 15:53:26,927 [INFO] PluginManager:219 - loadIPPluginJar : add tracer_emb
2023-04-22 15:53:26,932 [INFO] IPUIPlugin:79 - create IPUIPlugin
2023-04-22 15:53:26,933 [INFO] PluginManager:219 - loadIPPluginJar : add gpio
2023-04-22 15:53:26,938 [INFO] IPUIPlugin:79 - create IPUIPlugin
2023-04-22 15:53:26,938 [INFO] PluginManager:219 - loadIPPluginJar : add fmc
2023-04-22 15:53:26,941 [INFO] IPUIPlugin:79 - create IPUIPlugin
2023-04-22 15:53:26,941 [INFO] PluginManager:219 - loadIPPluginJar : add cryp
2023-04-22 15:53:26,949 [INFO] IPUIPlugin:79 - create IPUIPlugin
2023-04-22 15:53:26,949 [INFO] PluginManager:219 - loadIPPluginJar : add freertos
2023-04-22 15:53:26,952 [INFO] IPUIPlugin:79 - create IPUIPlugin
2023-04-22 15:53:26,952 [INFO] PluginManager:219 - loadIPPluginJar : add aes
2023-04-22 15:53:26,953 [INFO] IPUIPlugin:79 - create IPUIPlugin
2023-04-22 15:53:26,954 [INFO] PluginManager:219 - loadIPPluginJar : add quadspi
2023-04-22 15:53:26,957 [INFO] IPUIPlugin:79 - create IPUIPlugin
2023-04-22 15:53:26,957 [INFO] PluginManager:219 - loadIPPluginJar : add touchsensing
2023-04-22 15:53:26,958 [INFO] IPUIPlugin:79 - create IPUIPlugin
2023-04-22 15:53:26,959 [INFO] PluginManager:219 - loadIPPluginJar : add tsc
2023-04-22 15:53:26,961 [INFO] IPUIPlugin:79 - create IPUIPlugin
2023-04-22 15:53:26,961 [INFO] PluginManager:219 - loadIPPluginJar : add dfsdm
2023-04-22 15:53:26,963 [INFO] IPUIPlugin:79 - create IPUIPlugin
2023-04-22 15:53:26,963 [INFO] PluginManager:219 - loadIPPluginJar : add ucpd
2023-04-22 15:53:26,967 [INFO] IPUIPlugin:79 - create IPUIPlugin
2023-04-22 15:53:26,967 [INFO] PluginManager:219 - loadIPPluginJar : add resmgrutility
2023-04-22 15:53:26,970 [INFO] IPUIPlugin:79 - create IPUIPlugin
2023-04-22 15:53:26,970 [INFO] PluginManager:219 - loadIPPluginJar : add pdm2pcm
2023-04-22 15:53:26,972 [INFO] IPUIPlugin:79 - create IPUIPlugin
2023-04-22 15:53:26,972 [INFO] PluginManager:219 - loadIPPluginJar : add ts
2023-04-22 15:53:26,974 [INFO] IPUIPlugin:79 - create IPUIPlugin
2023-04-22 15:53:26,974 [INFO] PluginManager:219 - loadIPPluginJar : add gfxmmu
2023-04-22 15:53:26,979 [INFO] IPUIPlugin:79 - create IPUIPlugin
2023-04-22 15:53:26,979 [INFO] PluginManager:219 - loadIPPluginJar : add opamp
2023-04-22 15:53:26,983 [INFO] IPUIPlugin:79 - create IPUIPlugin
2023-04-22 15:53:26,983 [INFO] PluginManager:219 - loadIPPluginJar : add openamp
2023-04-22 15:53:26,987 [INFO] IPUIPlugin:79 - create IPUIPlugin
2023-04-22 15:53:26,987 [INFO] PluginManager:219 - loadIPPluginJar : add sai
2023-04-22 15:53:26,988 [INFO] IPUIPlugin:79 - create IPUIPlugin
2023-04-22 15:53:26,989 [INFO] PluginManager:219 - loadIPPluginJar : add comp
2023-04-22 15:53:26,992 [INFO] IPUIPlugin:79 - create IPUIPlugin
2023-04-22 15:53:26,992 [INFO] PluginManager:219 - loadIPPluginJar : add usart
2023-04-22 15:53:26,995 [INFO] IPUIPlugin:79 - create IPUIPlugin
2023-04-22 15:53:26,995 [INFO] PluginManager:219 - loadIPPluginJar : add dma3
2023-04-22 15:53:27,002 [INFO] IPUIPlugin:79 - create IPUIPlugin
2023-04-22 15:53:27,002 [INFO] PluginManager:219 - loadIPPluginJar : add dma
2023-04-22 15:53:27,009 [INFO] IPUIPlugin:79 - create IPUIPlugin
2023-04-22 15:53:27,010 [INFO] PluginManager:219 - loadIPPluginJar : add linkedlist
2023-04-22 15:53:27,016 [INFO] IPUIPlugin:79 - create IPUIPlugin
2023-04-22 15:53:27,016 [INFO] PluginManager:219 - loadIPPluginJar : add adc
2023-04-22 15:53:27,020 [INFO] IPUIPlugin:79 - create IPUIPlugin
2023-04-22 15:53:27,021 [INFO] PluginManager:219 - loadIPPluginJar : add gic
2023-04-22 15:53:27,024 [INFO] IPUIPlugin:79 - create IPUIPlugin
2023-04-22 15:53:27,024 [INFO] PluginManager:219 - loadIPPluginJar : add usbx
2023-04-22 15:53:27,030 [INFO] IPUIPlugin:79 - create IPUIPlugin
2023-04-22 15:53:27,030 [INFO] PluginManager:219 - loadIPPluginJar : add mdma
2023-04-22 15:53:27,032 [INFO] IPUIPlugin:79 - create IPUIPlugin
2023-04-22 15:53:27,032 [INFO] PluginManager:219 - loadIPPluginJar : add tim
2023-04-22 15:53:27,033 [INFO] IPUIPlugin:79 - create IPUIPlugin
2023-04-22 15:53:27,033 [INFO] PluginManager:219 - loadIPPluginJar : add genericplugin
2023-04-22 15:53:27,036 [INFO] IPUIPlugin:79 - create IPUIPlugin
2023-04-22 15:53:27,036 [INFO] PluginManager:219 - loadIPPluginJar : add gtzc
2023-04-22 15:53:27,039 [INFO] IPUIPlugin:79 - create IPUIPlugin
2023-04-22 15:53:27,039 [INFO] PluginManager:219 - loadIPPluginJar : add i2c
2023-04-22 15:53:27,044 [INFO] IPUIPlugin:79 - create IPUIPlugin
2023-04-22 15:53:27,045 [INFO] PluginManager:219 - loadIPPluginJar : add nvic
2023-04-22 15:53:27,047 [INFO] IPUIPlugin:79 - create IPUIPlugin
2023-04-22 15:53:27,047 [INFO] PluginManager:219 - loadIPPluginJar : add ltdc
2023-04-22 15:53:27,052 [INFO] IPUIPlugin:79 - create IPUIPlugin
2023-04-22 15:53:27,053 [INFO] PluginManager:219 - loadIPPluginJar : add stm32_wpan
2023-04-22 15:53:27,056 [INFO] IPUIPlugin:79 - create IPUIPlugin
2023-04-22 15:53:27,056 [INFO] PluginManager:219 - loadIPPluginJar : add spi
2023-04-22 15:53:27,065 [INFO] IPUIPlugin:79 - create IPUIPlugin
2023-04-22 15:53:27,069 [INFO] PluginManager:219 - loadIPPluginJar : add plateformsettings
2023-04-22 15:53:27,191 [INFO] CADModel:164 - CPN selected for project level
2023-04-22 15:53:27,191 [INFO] CADModel:113 - Register for checkConnection events
2023-04-22 15:53:27,192 [FATAL] Updater:308 - Updater called before beeing initialized
2023-04-22 15:53:27,192 [ERROR] CADModel:124 - Updater not yet initialized, retry later 
2023-04-22 15:53:27,386 [INFO] CADModel:164 - CPN selected for project level
2023-04-22 15:53:27,387 [INFO] CADModel:113 - Register for checkConnection events
2023-04-22 15:53:27,387 [FATAL] Updater:308 - Updater called before beeing initialized
2023-04-22 15:53:27,387 [ERROR] CADModel:124 - Updater not yet initialized, retry later 
2023-04-22 15:53:27,391 [FATAL] Updater:308 - Updater called before beeing initialized
2023-04-22 15:53:27,509 [FATAL] Updater:308 - Updater called before beeing initialized
2023-04-22 15:53:27,516 [INFO] DbMcusAds:52 - JSON generation date=Tue Mar 07 03:50:55 EST 2023 (1678179055335)
2023-04-22 15:53:27,516 [FATAL] Updater:308 - Updater called before beeing initialized
2023-04-22 15:53:27,557 [WARN] DetailPanel:344 - Failed to get advertising image, set to default
2023-04-22 15:53:27,714 [FATAL] Updater:308 - Updater called before beeing initialized
2023-04-22 15:53:27,716 [FATAL] Updater:308 - Updater called before beeing initialized
2023-04-22 15:53:27,716 [FATAL] Updater:308 - Updater called before beeing initialized
2023-04-22 15:53:27,716 [WARN] DetailPanel:344 - Failed to get advertising image, set to default
2023-04-22 15:53:27,717 [FATAL] Updater:308 - Updater called before beeing initialized
2023-04-22 15:53:27,769 [ERROR] Updater:1120 - MainUpdater not yet initialized. External WinMGr cannot be set.
2023-04-22 15:53:27,772 [INFO] Updater:1056 - Updater Version found : 6.7.0
2023-04-22 15:53:27,792 [INFO] ApplicationProperties:181 - Using Application install path: /opt/st/stm32cubeide_1.11.0/plugins/com.st.stm32cube.common.mx_6.7.0.202211181646
2023-04-22 15:53:28,085 [INFO] MainUpdater:2800 - connection check result : 10
2023-04-22 15:53:28,085 [INFO] MainUpdater:3494 - Updater definition file requires update
2023-04-22 15:53:28,091 [INFO] MainUpdater:282 - Updater Check For Update Now.
2023-04-22 15:53:28,092 [INFO] MicroXplorer:481 - Change Database Version : DB.6.0.70
2023-04-22 15:53:28,149 [INFO] ServerAccessManage:474 - Download File updaters.zip
2023-04-22 15:53:28,274 [INFO] FileExtend:239 - Unzip File : updaters.zip
2023-04-22 15:53:28,274 [INFO] FileExtend:254 - Standard Zip Deflate
2023-04-22 15:53:28,539 [INFO] ServerAccessManage:474 - Download File PacksControlFlags.xml
2023-04-22 15:53:28,633 [INFO] ServerAccessManage:474 - Download File cubemx.pidx
2023-04-22 15:53:28,993 [INFO] ServerAccessManage:474 - Download File STMicroelectronics.FP-ATR-ASTRA1.pdsc
2023-04-22 15:53:29,099 [WARN] MainUpdater:1186 - Updater busy. Cannot search thirdparties
2023-04-22 15:53:29,099 [INFO] ThirdPartyUpdaterWithRetryManager:96 - Updater plugin is busy. [1/15]
2023-04-22 15:53:29,693 [INFO] ServerAccessManage:474 - Download File STMicroelectronics.X-CUBE-FREERTOS.pdsc
2023-04-22 15:53:30,239 [INFO] ServerAccessManage:474 - Download File STMicroelectronics.X-CUBE-SMBUS.pdsc
2023-04-22 15:53:30,588 [ERROR] ServerAccessManage:1090 - Problem, file not found on Server
2023-04-22 15:53:30,749 [INFO] ServerAccessManage:474 - Download File STMicroelectronics.X-CUBE-AZRTOS-H7.pdsc
2023-04-22 15:53:31,562 [WARN] PackLoader:242 - Cannot read IP mode file for STMicroelectronics.FP-ATR-ASTRA1.2.0.0
2023-04-22 15:53:31,594 [WARN] PackLoader:242 - Cannot read IP mode file for STMicroelectronics.X-CUBE-FREERTOS.1.0.1
2023-04-22 15:53:31,601 [WARN] PackLoader:242 - Cannot read IP mode file for STMicroelectronics.X-CUBE-SMBUS.2.1.0
2023-04-22 15:53:31,648 [WARN] ConditionMgr:437 - getConditionDescription Invalid condition id : UX DEVICE CLASS RTOS Condition cause : null
2023-04-22 15:53:31,649 [WARN] ConditionMgr:437 - getConditionDescription Invalid condition id : UX DEVICE CLASS RTOS Condition cause : null
2023-04-22 15:53:31,659 [WARN] PackLoader:242 - Cannot read IP mode file for STMicroelectronics.X-CUBE-AZRTOS-H7.3.1.0
2023-04-22 15:53:31,661 [WARN] ConditionMgr:1038 - genDependencies : Invalid condition id : UX DEVICE CLASS RTOS Condition cause : null
2023-04-22 15:53:31,661 [WARN] ConditionMgr:1038 - genDependencies : Invalid condition id : UX DEVICE CLASS RTOS Condition cause : null
2023-04-22 15:53:31,663 [WARN] ConditionMgr:1038 - genDependencies : Invalid condition id : UX DEVICE CLASS RTOS Condition cause : null
2023-04-22 15:53:31,664 [WARN] ConditionMgr:1038 - genDependencies : Invalid condition id : UX DEVICE CLASS RTOS Condition cause : null
2023-04-22 15:53:31,664 [WARN] ConditionMgr:1038 - genDependencies : Invalid condition id : UX DEVICE CLASS RTOS Condition cause : null
2023-04-22 15:53:31,669 [INFO] PopulateThirdPartyThread:64 - Ending populate Thread
2023-04-22 15:53:31,671 [INFO] ThirdParty:999 - CMSIS Pack Vendor :STMicroelectronics FP-ATR-ASTRA1 2.0.0
2023-04-22 15:53:31,671 [INFO] ThirdParty:999 - CMSIS Pack Vendor :STMicroelectronics X-CUBE-FREERTOS 1.0.1
2023-04-22 15:53:31,671 [INFO] ThirdParty:999 - CMSIS Pack Vendor :STMicroelectronics X-CUBE-SMBUS 2.1.0
2023-04-22 15:53:31,671 [INFO] ThirdParty:999 - CMSIS Pack Vendor :STMicroelectronics X-CUBE-AZRTOS-H7 3.1.0
2023-04-22 15:53:31,672 [INFO] LoadServerUpdatesThread:367 - End of LoadServerUpdate Thread
2023-04-22 15:53:31,696 [INFO] CheckServerUpdateThread:119 - End of CheckServer Thread
2023-04-22 15:53:31,703 [INFO] MainUpdater:2800 - connection check result : 10
2023-04-22 15:53:31,710 [INFO] McuFinderGlobals:65 - Set McuFinderConnectedMode to true
2023-04-22 15:53:32,099 [WARN] MainUpdater:1186 - Updater busy. Cannot search thirdparties
2023-04-22 15:53:32,100 [INFO] ThirdPartyUpdaterWithRetryManager:96 - Updater plugin is busy. [2/15]
2023-04-22 15:53:32,184 [INFO] ServerAccessManage:474 - Download File mcusAds.json._tmp_
2023-04-22 15:53:32,288 [INFO] LoadUrlFilesThread:150 - End of LoadUrlFiles Thread
2023-04-22 15:53:32,335 [INFO] ServerAccessManage:474 - Download File cube-finder-db.zip
2023-04-22 15:53:33,874 [INFO] FileExtend:239 - Unzip File : cube-finder-db.zip
2023-04-22 15:53:33,875 [INFO] FileExtend:254 - Standard Zip Deflate
2023-04-22 15:53:34,934 [INFO] LoadUrlFilesThread:150 - End of LoadUrlFiles Thread
2023-04-22 15:53:35,100 [WARN] MainUpdater:1186 - Updater busy. Cannot search thirdparties
2023-04-22 15:53:35,100 [INFO] ThirdPartyUpdaterWithRetryManager:96 - Updater plugin is busy. [3/15]
2023-04-22 15:53:35,723 [INFO] ServerAccessManage:474 - Download File crdb.zip
2023-04-22 15:53:36,521 [INFO] FileExtend:239 - Unzip File : crdb.zip
2023-04-22 15:53:36,522 [INFO] FileExtend:254 - Standard Zip Deflate
2023-04-22 15:53:36,744 [INFO] LoadUrlFilesThread:150 - End of LoadUrlFiles Thread
2023-04-22 15:53:36,791 [INFO] ServerAccessManage:474 - Download File tutoVideoDB.zip
2023-04-22 15:53:36,796 [INFO] FileExtend:239 - Unzip File : tutoVideoDB.zip
2023-04-22 15:53:36,797 [INFO] FileExtend:254 - Standard Zip Deflate
2023-04-22 15:53:36,901 [INFO] LoadUrlFilesThread:150 - End of LoadUrlFiles Thread
2023-04-22 15:53:36,913 [INFO] JxBrowserEngine:114 - Initiate JxBrowser Engine with user profile folder
2023-04-22 15:53:38,259 [WARN] PackLoader:242 - Cannot read IP mode file for STMicroelectronics.X-CUBE-GNSS1.6.0.0
2023-04-22 15:53:38,296 [WARN] PackLoader:242 - Cannot read IP mode file for STMicroelectronics.X-CUBE-AZRTOS-F4.1.1.0
2023-04-22 15:53:38,305 [WARN] PackLoader:242 - Cannot read IP mode file for STMicroelectronics.X-CUBE-SMBUS.2.1.0
2023-04-22 15:53:38,405 [WARN] PackLoader:242 - Cannot read IP mode file for STMicroelectronics.X-CUBE-MEMS1.9.2.0
2023-04-22 15:53:38,666 [WARN] PackLoader:242 - Cannot read IP mode file for STMicroelectronics.X-CUBE-AZRTOS-F7.1.1.0
2023-04-22 15:53:38,684 [WARN] PackLoader:242 - Cannot read IP mode file for STMicroelectronics.X-CUBE-AI.7.1.0
2023-04-22 15:53:38,688 [WARN] PackLoader:242 - Cannot read IP mode file for STMicroelectronics.X-CUBE-TOUCHGFX.4.19.1
2023-04-22 15:53:38,693 [WARN] PackLoader:242 - Cannot read IP mode file for STMicroelectronics.X-CUBE-BLE1.6.2.3
2023-04-22 15:53:38,703 [WARN] PackLoader:242 - Cannot read IP mode file for STMicroelectronics.X-CUBE-BLEMGR.2.0.0
2023-04-22 15:53:38,714 [WARN] PackLoader:242 - Cannot read IP mode file for STMicroelectronics.X-CUBE-NFC4.2.0.4
2023-04-22 15:53:38,725 [WARN] PackLoader:242 - Cannot read IP mode file for STMicroelectronics.X-CUBE-BLE2.3.2.2
2023-04-22 15:53:38,746 [WARN] ConditionMgr:437 - getConditionDescription Invalid condition id : UX DEVICE CLASS RTOS Condition cause : null
2023-04-22 15:53:38,746 [WARN] ConditionMgr:437 - getConditionDescription Invalid condition id : UX DEVICE CLASS RTOS Condition cause : null
2023-04-22 15:53:38,751 [WARN] PackLoader:242 - Cannot read IP mode file for STMicroelectronics.X-CUBE-AZRTOS-H7.3.1.0
2023-04-22 15:53:38,753 [WARN] ConditionMgr:1038 - genDependencies : Invalid condition id : UX DEVICE CLASS RTOS Condition cause : null
2023-04-22 15:53:38,753 [WARN] ConditionMgr:1038 - genDependencies : Invalid condition id : UX DEVICE CLASS RTOS Condition cause : null
2023-04-22 15:53:38,754 [WARN] ConditionMgr:1038 - genDependencies : Invalid condition id : UX DEVICE CLASS RTOS Condition cause : null
2023-04-22 15:53:38,755 [WARN] ConditionMgr:1038 - genDependencies : Invalid condition id : UX DEVICE CLASS RTOS Condition cause : null
2023-04-22 15:53:38,755 [WARN] ConditionMgr:1038 - genDependencies : Invalid condition id : UX DEVICE CLASS RTOS Condition cause : null
2023-04-22 15:53:38,768 [WARN] PackLoader:242 - Cannot read IP mode file for STMicroelectronics.X-CUBE-TOF1.3.1.0
2023-04-22 15:53:38,786 [WARN] PackLoader:242 - Cannot read IP mode file for STMicroelectronics.X-CUBE-SFXS2LP1.3.1.0
2023-04-22 15:53:38,797 [WARN] PackLoader:242 - Cannot read IP mode file for STMicroelectronics.X-CUBE-DISPLAY.3.0.0
2023-04-22 15:53:38,843 [WARN] PackLoader:242 - Cannot read IP mode file for STMicroelectronics.X-CUBE-AZRTOS-F4.1.0.0
2023-04-22 15:53:38,857 [WARN] PackLoader:242 - Cannot read IP mode file for STMicroelectronics.X-CUBE-NFC7.1.0.0
2023-04-22 15:53:38,866 [WARN] PackLoader:242 - Cannot read IP mode file for STMicroelectronics.X-CUBE-AI.7.2.0
2023-04-22 15:53:38,896 [WARN] PackLoader:242 - Cannot read IP mode file for STMicroelectronics.X-CUBE-AZRTOS-G0.1.0.0
2023-04-22 15:53:38,909 [WARN] PackLoader:242 - Cannot read IP mode file for WES.I-CUBE-Cesium.1.3.0
2023-04-22 15:53:38,916 [WARN] PackLoader:242 - Cannot read IP mode file for STMicroelectronics.X-CUBE-SFXS2LP1.4.0.0
2023-04-22 15:53:38,922 [WARN] PackLoader:242 - Cannot read IP mode file for STMicroelectronics.X-CUBE-BLE2.3.3.0
2023-04-22 15:53:38,928 [WARN] PackLoader:242 - Cannot read IP mode file for STMicroelectronics.X-CUBE-DISPLAY.2.2.0
2023-04-22 15:53:38,942 [WARN] PackLoader:242 - Cannot read IP mode file for STMicroelectronics.X-CUBE-TOF1.3.2.0
2023-04-22 15:53:38,981 [WARN] PackLoader:242 - Cannot read IP mode file for STMicroelectronics.X-CUBE-AZRTOS-H7.3.0.0
2023-04-22 15:53:38,993 [WARN] PackLoader:242 - Cannot read IP mode file for RoweBots.I-CUBE-UNISONRTOS.5.5.0-4
2023-04-22 15:53:39,027 [WARN] PackLoader:242 - Cannot read IP mode file for STMicroelectronics.X-CUBE-AZRTOS-H7.2.1.0
2023-04-22 15:53:39,036 [WARN] PackLoader:242 - Cannot read IP mode file for STMicroelectronics.X-CUBE-AI.8.0.0
2023-04-22 15:53:39,042 [WARN] PackLoader:242 - Cannot read IP mode file for STMicroelectronics.X-CUBE-FREERTOS.1.0.0
2023-04-22 15:53:39,047 [WARN] PackLoader:242 - Cannot read IP mode file for STMicroelectronics.X-CUBE-FREERTOS.1.0.1
2023-04-22 15:53:39,052 [WARN] PackLoader:242 - Cannot read IP mode file for STMicroelectronics.X-CUBE-TOUCHGFX.4.21.1
2023-04-22 15:53:39,059 [WARN] PackLoader:242 - Cannot read IP mode file for STMicroelectronics.X-CUBE-TOUCHGFX.4.21.3
2023-04-22 15:53:39,113 [WARN] PackLoader:242 - Cannot read IP mode file for STMicroelectronics.X-CUBE-MEMS1.9.4.0
2023-04-22 15:53:39,412 [WARN] PackLoader:242 - Cannot read IP mode file for STMicroelectronics.X-CUBE-AI.7.3.0
2023-04-22 15:53:39,417 [WARN] PackLoader:242 - Cannot read IP mode file for STMicroelectronics.X-CUBE-ALGOBUILD.1.3.0
2023-04-22 15:53:39,436 [WARN] PackLoader:242 - Cannot read IP mode file for STMicroelectronics.X-CUBE-AZRTOS-L5.1.1.0
2023-04-22 15:53:39,457 [WARN] DbFile:40 - Overriding database path with different value: /home/tej/.stmcufinder/plugins/mcufinder/ => /home/tej/.stmcufinder/plugins/mcufinder
2023-04-22 15:53:39,475 [WARN] PackLoader:242 - Cannot read IP mode file for STMicroelectronics.X-CUBE-AZRTOS-G0.1.1.0
2023-04-22 15:53:39,505 [INFO] ServerAccessManage:474 - Download File api_config.json
2023-04-22 15:53:39,516 [WARN] PackLoader:242 - Cannot read IP mode file for STMicroelectronics.X-CUBE-SUBG2.5.0.0
2023-04-22 15:53:39,544 [WARN] PackLoader:242 - Cannot read IP mode file for STMicroelectronics.X-CUBE-NFC4.3.0.0
2023-04-22 15:53:39,645 [INFO] LoadUrlFilesThread:150 - End of LoadUrlFiles Thread
2023-04-22 15:53:39,658 [INFO] DbMcusAds:52 - JSON generation date=Tue Mar 07 03:50:55 EST 2023 (1678179055335)
2023-04-22 15:53:39,682 [WARN] PackLoader:242 - Cannot read IP mode file for SEGGER.I-CUBE-embOS.1.2.0
2023-04-22 15:53:39,708 [INFO] LoadUrlFilesThread:179 - End of LoadServerUrlFiles without Thread
2023-04-22 15:53:39,708 [INFO] TargetSelectorAdapter:258 - Refresh data is successful
2023-04-22 15:53:39,774 [WARN] PackLoader:242 - Cannot read IP mode file for STMicroelectronics.X-CUBE-TOF1.3.3.0
2023-04-22 15:53:39,796 [WARN] PackLoader:242 - Cannot read IP mode file for STMicroelectronics.FP-ATR-ASTRA1.1.1.1
2023-04-22 15:53:39,799 [WARN] PackLoader:242 - Cannot read IP mode file for STMicroelectronics.FP-ATR-ASTRA1.1.1.0
2023-04-22 15:53:39,807 [WARN] PackLoader:242 - Cannot read IP mode file for STMicroelectronics.X-CUBE-BLEMGR.1.3.0
2023-04-22 15:53:39,830 [WARN] PackLoader:242 - Cannot read IP mode file for STMicroelectronics.X-CUBE-AZRTOS-G4.1.0.0
2023-04-22 15:53:39,835 [WARN] PackLoader:242 - Cannot read IP mode file for wolfSSL.I-CUBE-wolfSSL.5.3.0
2023-04-22 15:53:39,855 [WARN] PackLoader:242 - Cannot read IP mode file for STMicroelectronics.X-CUBE-AZRTOS-L4.1.0.0
2023-04-22 15:53:39,863 [WARN] PackLoader:242 - Cannot read IP mode file for emotas.I-CUBE-CANOPEN.1.1.2
2023-04-22 15:53:39,866 [WARN] PackLoader:242 - Cannot read IP mode file for STMicroelectronics.X-CUBE-TOUCHGFX.4.20.0
2023-04-22 15:53:39,866 [INFO] ApiDb:580 - Connected to CubeFinder SQLite database (/home/tej/.stmcufinder/plugins/mcufinder/mcu/cube-finder-db.db)
2023-04-22 15:53:39,884 [WARN] PackLoader:242 - Cannot read IP mode file for STMicroelectronics.X-CUBE-AZRTOS-F7.1.0.0
2023-04-22 15:53:39,900 [WARN] PackLoader:242 - Cannot read IP mode file for STMicroelectronics.X-CUBE-AZRTOS-WL.1.0.0
2023-04-22 15:53:39,905 [WARN] PackLoader:242 - Cannot read IP mode file for portGmbH.I-Cube-SoM-uGOAL.1.1.0
2023-04-22 15:53:39,909 [WARN] PackLoader:242 - Cannot read IP mode file for STMicroelectronics.X-CUBE-ALS.1.0.1
2023-04-22 15:53:39,956 [INFO] ApiDb:667 - CubeFinder database Data Model version=2.1
2023-04-22 15:53:39,956 [INFO] ApiDb:668 - CubeFinder database Configuration version=3.0.35
2023-04-22 15:53:39,956 [INFO] ApiDb:669 - CubeFinder database generation date=2023-03-10 (1678456172)
2023-04-22 15:53:39,956 [INFO] ApiDb:670 - CubeFinder database FW Pack versions=[FP-ATR-ASTRA1_V1.1.1, STM32Cube_FW_C0_V1.0.1, STM32Cube_FW_F0_V1.11.4, STM32Cube_FW_F3_V1.11.4, STM32Cube_FW_F4_V1.27.1, STM32Cube_FW_F7_V1.17.0, STM32Cube_FW_G0_V1.6.1, STM32Cube_FW_G4_V1.5.1, STM32Cube_FW_H5_V0.5.1, STM32Cube_FW_H5_V1.0.0, STM32Cube_FW_H7_V1.11.0, STM32Cube_FW_L0_V1.12.2, STM32Cube_FW_L5_V1.5.0, STM32Cube_FW_U5_V1.2.0, STM32Cube_FW_WBA_V1.0.0, STM32Cube_FW_WBA_V1.0.0RC1, STM32Cube_FW_WBA_V1.0.0RC3, STM32Cube_FW_WB_V1.15.0RC1, STM32Cube_FW_WB_V1.16.0, STM32Cube_FW_WB_V1.16.0RC2, STM32Cube_FW_WL_V1.3.0, X-CUBE-ALGOBUILD_V1.3.0, X-CUBE-ALS_V1.0.1, X-CUBE-AZRTOS-F4_V1.1.0, X-CUBE-AZRTOS-F7_V1.1.0, X-CUBE-AZRTOS-G0_V1.1.0, X-CUBE-AZRTOS-G4_V1.0.0, X-CUBE-AZRTOS-H7_V3.0.0, X-CUBE-AZRTOS-L4_V1.0.0, X-CUBE-AZRTOS-L5_V1.1.0, X-CUBE-AZRTOS-WB_V1.1.0, X-CUBE-AZRTOS-WL_V1.0.0, X-CUBE-BLE1_V6.2.4, X-CUBE-BLE2_V3.3.0, X-CUBE-BLEMGR_V1.3.0, X-CUBE-EEPRMA1_V4.1.0, X-CUBE-GNSS1_V6.0.0, X-CUBE-MEMS1_V9.1.0, X-CUBE-MEMS1_V9.4.0, X-CUBE-MEMS1_V9.5.0, X-CUBE-NFC4_V3.0.0, X-CUBE-NFC7_V1.0.0, X-CUBE-SFXS2LP1_V4.0.0, X-CUBE-SUBG2_V5.0.0]
2023-04-22 15:53:39,969 [WARN] PackLoader:242 - Cannot read IP mode file for STMicroelectronics.X-CUBE-MEMS1.9.5.0
2023-04-22 15:53:40,174 [WARN] PackLoader:242 - Cannot read IP mode file for STMicroelectronics.X-CUBE-AZRTOS-WB.1.1.0
2023-04-22 15:53:40,214 [WARN] PackLoader:242 - Cannot read IP mode file for SEGGER.I-CUBE-embOS.1.3.1
2023-04-22 15:53:40,332 [WARN] PackLoader:242 - Cannot read IP mode file for STMicroelectronics.X-CUBE-AZRTOS-L5.1.0.0
2023-04-22 15:53:40,340 [WARN] PackLoader:242 - Cannot read IP mode file for STMicroelectronics.X-CUBE-EEPRMA1.3.1.1
2023-04-22 15:53:40,345 [WARN] PackLoader:242 - Cannot read IP mode file for STMicroelectronics.X-CUBE-GNSS1.5.2.0
2023-04-22 15:53:40,349 [WARN] PackLoader:242 - Cannot read IP mode file for STMicroelectronics.FP-ATR-ASTRA1.2.0.0
2023-04-22 15:53:40,356 [WARN] PackLoader:242 - Cannot read IP mode file for STMicroelectronics.X-CUBE-TOF1.3.0.0
2023-04-22 15:53:40,359 [INFO] ThirdParty:947 - Integrity check success = true
2023-04-22 15:53:40,359 [INFO] IntegrityCheckThread:98 - exiting critical section [integrity check]
2023-04-22 15:53:40,359 [INFO] IntegrityCheckThread:101 - End integrity checks thread
2023-04-22 15:53:42,250 [INFO] ApiDb:239 - Found 143 in-development CPN: [B-WB1M-WPAN1, B-WL5M-SUBG1, NUCLEO-C031C6, STEVAL-PROTEUS1, STEVAL-STWINBX1, STM320518-EVAL, STM32C0116-DK, STM32C011D6Y3TR, STM32C011D6Y6TR, STM32C011F4P3, STM32C011F4P6, STM32C011F4U3, STM32C011F4U6TR, STM32C011F6P3, STM32C011F6P6, STM32C011F6U3, STM32C011F6U6TR, STM32C011J4M3, STM32C011J4M6, STM32C011J6M3, STM32C011J6M6, STM32C0316-DK, STM32C031C4T3, STM32C031C4T6, STM32C031C4U3, STM32C031C4U6, STM32C031C6T3, STM32C031C6T6, STM32C031C6U3, STM32C031C6U6, STM32C031F4P3, STM32C031F4P6, STM32C031F6P3, STM32C031F6P6, STM32C031G4U3, STM32C031G4U6, STM32C031G6U3, STM32C031G6U6, STM32C031K4T3, STM32C031K4T6, STM32C031K4U3, STM32C031K4U6, STM32C031K6T3, STM32C031K6T6, STM32C031K6U3, STM32C031K6U6, STM32G071K8TXN, STM32G071K8UXN, STM32G081GBU6N, STM32G081KBT6N, STM32G081KBUXN, STM32G0B1CCT6N, STM32G0B1KCT6, STM32G0B1NEY6TR, STM32G0B1RCT6N, STM32G0C1CCT6, STM32G0C1CCT6N, STM32G0C1CCU6N, STM32G0C1CET6N, STM32G0C1CEU6N, STM32G0C1KCT6, STM32G0C1NEY6TR, STM32G0C1RCI6N, STM32G0C1RCT6N, STM32G0C1REI6N, STM32G0C1RET6N, STM32G0C1VCI6, STM32G0C1VEI6, STM32G471CCT6, STM32G471CCU6, STM32G471CET3, STM32G471CET6, STM32G471CEU3, STM32G471CEU6, STM32G471MCT6, STM32G471MET3, STM32G471MET6, STM32G471MEY6TR, STM32G471QCT6, STM32G471QET3, STM32G471RCT6, STM32G471RET3, STM32G471RET6, STM32G471VCH6, STM32G471VCI6, STM32G471VCT6, STM32G471VEH3, STM32G471VEH6, STM32G471VEI3, STM32G471VEI6, STM32G471VET3, STM32G471VET6, STM32G474CCT6, STM32L476VGY6PTR, STM32L4R5QGI6STR, STM32MP131AAE3, STM32MP131AAF3, STM32MP131AAG3, STM32MP131CAE3, STM32MP131CAF3, STM32MP131CAG3, STM32MP131DAE7, STM32MP131DAF7, STM32MP131DAG7, STM32MP131FAE7, STM32MP131FAF7, STM32MP131FAG7, STM32MP133AAE3, STM32MP133AAF3, STM32MP133AAG3, STM32MP133CAE3, STM32MP133CAF3, STM32MP133CAG3, STM32MP133DAE7, STM32MP133DAF7, STM32MP133DAG7, STM32MP133FAE7, STM32MP133FAF7, STM32MP133FAG7, STM32MP135AAE3, STM32MP135AAF3, STM32MP135AAG3, STM32MP135CAE3, STM32MP135CAF3, STM32MP135CAG3, STM32MP135DAE7, STM32MP135DAF7, STM32MP135DAG7, STM32MP135F-DK, STM32MP135FAE7, STM32MP135FAF7, STM32MP135FAF7T, STM32MP135FAF7U, STM32MP135FAG7, STM32U595ZJT6Q, STM32U599BJY6QTR, STM32U599NIH6Q, STM32U599NJH6Q, STM32U5A5ZJT6Q, STM32U5A9BJY6QTR, STM32U5A9NJH6Q, STM32WB1MMCH6, STM32WL5MOCH6TR]
2023-04-22 15:53:42,254 [INFO] DbMcus:215 - Found 3680 MCUs, 3680 are supported
2023-04-22 15:53:42,258 [INFO] ApiDb:422 - Load user favorites file /home/tej/.stm32cubeide/favorites.mcus.txt: 0 item(s)
2023-04-22 15:53:42,258 [INFO] ApiDb:426 - User favorites MCUs=[]
2023-04-22 15:53:42,258 [INFO] DbMcus:221 - Set 0 / 0 favorites MCUs
2023-04-22 15:53:42,585 [INFO] ApiDb:667 - CubeFinder database Data Model version=2.1
2023-04-22 15:53:42,585 [INFO] ApiDb:668 - CubeFinder database Configuration version=3.0.35
2023-04-22 15:53:42,585 [INFO] ApiDb:669 - CubeFinder database generation date=2023-03-10 (1678456172)
2023-04-22 15:53:42,585 [INFO] ApiDb:670 - CubeFinder database FW Pack versions=[FP-ATR-ASTRA1_V1.1.1, STM32Cube_FW_C0_V1.0.1, STM32Cube_FW_F0_V1.11.4, STM32Cube_FW_F3_V1.11.4, STM32Cube_FW_F4_V1.27.1, STM32Cube_FW_F7_V1.17.0, STM32Cube_FW_G0_V1.6.1, STM32Cube_FW_G4_V1.5.1, STM32Cube_FW_H5_V0.5.1, STM32Cube_FW_H5_V1.0.0, STM32Cube_FW_H7_V1.11.0, STM32Cube_FW_L0_V1.12.2, STM32Cube_FW_L5_V1.5.0, STM32Cube_FW_U5_V1.2.0, STM32Cube_FW_WBA_V1.0.0, STM32Cube_FW_WBA_V1.0.0RC1, STM32Cube_FW_WBA_V1.0.0RC3, STM32Cube_FW_WB_V1.15.0RC1, STM32Cube_FW_WB_V1.16.0, STM32Cube_FW_WB_V1.16.0RC2, STM32Cube_FW_WL_V1.3.0, X-CUBE-ALGOBUILD_V1.3.0, X-CUBE-ALS_V1.0.1, X-CUBE-AZRTOS-F4_V1.1.0, X-CUBE-AZRTOS-F7_V1.1.0, X-CUBE-AZRTOS-G0_V1.1.0, X-CUBE-AZRTOS-G4_V1.0.0, X-CUBE-AZRTOS-H7_V3.0.0, X-CUBE-AZRTOS-L4_V1.0.0, X-CUBE-AZRTOS-L5_V1.1.0, X-CUBE-AZRTOS-WB_V1.1.0, X-CUBE-AZRTOS-WL_V1.0.0, X-CUBE-BLE1_V6.2.4, X-CUBE-BLE2_V3.3.0, X-CUBE-BLEMGR_V1.3.0, X-CUBE-EEPRMA1_V4.1.0, X-CUBE-GNSS1_V6.0.0, X-CUBE-MEMS1_V9.1.0, X-CUBE-MEMS1_V9.4.0, X-CUBE-MEMS1_V9.5.0, X-CUBE-NFC4_V3.0.0, X-CUBE-NFC7_V1.0.0, X-CUBE-SFXS2LP1_V4.0.0, X-CUBE-SUBG2_V5.0.0]
2023-04-22 15:53:42,643 [INFO] DbBoardsSqlite:225 - include board P-NUCLEO-WB55-NUCLEO as a kit item of type 'Nucleo-64'
2023-04-22 15:53:42,644 [INFO] DbBoardsSqlite:225 - include board P-NUCLEO-WB55-USBDONGLE as a kit item of type 'Nucleo USB Dongle'
2023-04-22 15:53:42,644 [INFO] DbBoardsSqlite:225 - include board STEVAL-IDP005V1 as a kit item of type 'Evaluation Board'
2023-04-22 15:53:42,644 [INFO] DbBoardsSqlite:225 - include board STEVAL-IDP005V2 as a kit item of type 'Evaluation Board'
2023-04-22 15:53:42,681 [INFO] ApiDb:239 - Found 143 in-development CPN: [B-WB1M-WPAN1, B-WL5M-SUBG1, NUCLEO-C031C6, STEVAL-PROTEUS1, STEVAL-STWINBX1, STM320518-EVAL, STM32C0116-DK, STM32C011D6Y3TR, STM32C011D6Y6TR, STM32C011F4P3, STM32C011F4P6, STM32C011F4U3, STM32C011F4U6TR, STM32C011F6P3, STM32C011F6P6, STM32C011F6U3, STM32C011F6U6TR, STM32C011J4M3, STM32C011J4M6, STM32C011J6M3, STM32C011J6M6, STM32C0316-DK, STM32C031C4T3, STM32C031C4T6, STM32C031C4U3, STM32C031C4U6, STM32C031C6T3, STM32C031C6T6, STM32C031C6U3, STM32C031C6U6, STM32C031F4P3, STM32C031F4P6, STM32C031F6P3, STM32C031F6P6, STM32C031G4U3, STM32C031G4U6, STM32C031G6U3, STM32C031G6U6, STM32C031K4T3, STM32C031K4T6, STM32C031K4U3, STM32C031K4U6, STM32C031K6T3, STM32C031K6T6, STM32C031K6U3, STM32C031K6U6, STM32G071K8TXN, STM32G071K8UXN, STM32G081GBU6N, STM32G081KBT6N, STM32G081KBUXN, STM32G0B1CCT6N, STM32G0B1KCT6, STM32G0B1NEY6TR, STM32G0B1RCT6N, STM32G0C1CCT6, STM32G0C1CCT6N, STM32G0C1CCU6N, STM32G0C1CET6N, STM32G0C1CEU6N, STM32G0C1KCT6, STM32G0C1NEY6TR, STM32G0C1RCI6N, STM32G0C1RCT6N, STM32G0C1REI6N, STM32G0C1RET6N, STM32G0C1VCI6, STM32G0C1VEI6, STM32G471CCT6, STM32G471CCU6, STM32G471CET3, STM32G471CET6, STM32G471CEU3, STM32G471CEU6, STM32G471MCT6, STM32G471MET3, STM32G471MET6, STM32G471MEY6TR, STM32G471QCT6, STM32G471QET3, STM32G471RCT6, STM32G471RET3, STM32G471RET6, STM32G471VCH6, STM32G471VCI6, STM32G471VCT6, STM32G471VEH3, STM32G471VEH6, STM32G471VEI3, STM32G471VEI6, STM32G471VET3, STM32G471VET6, STM32G474CCT6, STM32L476VGY6PTR, STM32L4R5QGI6STR, STM32MP131AAE3, STM32MP131AAF3, STM32MP131AAG3, STM32MP131CAE3, STM32MP131CAF3, STM32MP131CAG3, STM32MP131DAE7, STM32MP131DAF7, STM32MP131DAG7, STM32MP131FAE7, STM32MP131FAF7, STM32MP131FAG7, STM32MP133AAE3, STM32MP133AAF3, STM32MP133AAG3, STM32MP133CAE3, STM32MP133CAF3, STM32MP133CAG3, STM32MP133DAE7, STM32MP133DAF7, STM32MP133DAG7, STM32MP133FAE7, STM32MP133FAF7, STM32MP133FAG7, STM32MP135AAE3, STM32MP135AAF3, STM32MP135AAG3, STM32MP135CAE3, STM32MP135CAF3, STM32MP135CAG3, STM32MP135DAE7, STM32MP135DAF7, STM32MP135DAG7, STM32MP135F-DK, STM32MP135FAE7, STM32MP135FAF7, STM32MP135FAF7T, STM32MP135FAF7U, STM32MP135FAG7, STM32U595ZJT6Q, STM32U599BJY6QTR, STM32U599NIH6Q, STM32U599NJH6Q, STM32U5A5ZJT6Q, STM32U5A9BJY6QTR, STM32U5A9NJH6Q, STM32WB1MMCH6, STM32WL5MOCH6TR]
2023-04-22 15:53:42,781 [INFO] BoardInfo:879 - No configuration file found for board P-NUCLEO-WB55
2023-04-22 15:53:42,781 [INFO] DbBoards:156 - Kit is not supported: P-NUCLEO-WB55
2023-04-22 15:53:42,785 [INFO] BoardInfo:879 - No configuration file found for board STEVAL-BFA001V1B
2023-04-22 15:53:42,785 [INFO] DbBoards:156 - Kit is not supported: STEVAL-BFA001V1B
2023-04-22 15:53:42,786 [INFO] BoardInfo:879 - No configuration file found for board STEVAL-BFA001V2B
2023-04-22 15:53:42,787 [INFO] DbBoards:156 - Kit is not supported: STEVAL-BFA001V2B
2023-04-22 15:53:42,906 [INFO] DbBoards:160 - Found 179 boards, 176 are supported
2023-04-22 15:53:42,916 [INFO] ApiDb:422 - Load user favorites file /home/tej/.stm32cubeide/favorites.boards.txt: 1 item(s)
2023-04-22 15:53:42,916 [INFO] ApiDb:426 - User favorites Boards=[NUCLEO-F411RE]
2023-04-22 15:53:42,917 [INFO] DbBoards:189 - Set 1 / 1 favorites Boards
2023-04-22 15:53:42,919 [INFO] ApiDb:667 - CubeFinder database Data Model version=2.1
2023-04-22 15:53:42,920 [INFO] ApiDb:668 - CubeFinder database Configuration version=3.0.35
2023-04-22 15:53:42,920 [INFO] ApiDb:669 - CubeFinder database generation date=2023-03-10 (1678456172)
2023-04-22 15:53:42,920 [INFO] ApiDb:670 - CubeFinder database FW Pack versions=[FP-ATR-ASTRA1_V1.1.1, STM32Cube_FW_C0_V1.0.1, STM32Cube_FW_F0_V1.11.4, STM32Cube_FW_F3_V1.11.4, STM32Cube_FW_F4_V1.27.1, STM32Cube_FW_F7_V1.17.0, STM32Cube_FW_G0_V1.6.1, STM32Cube_FW_G4_V1.5.1, STM32Cube_FW_H5_V0.5.1, STM32Cube_FW_H5_V1.0.0, STM32Cube_FW_H7_V1.11.0, STM32Cube_FW_L0_V1.12.2, STM32Cube_FW_L5_V1.5.0, STM32Cube_FW_U5_V1.2.0, STM32Cube_FW_WBA_V1.0.0, STM32Cube_FW_WBA_V1.0.0RC1, STM32Cube_FW_WBA_V1.0.0RC3, STM32Cube_FW_WB_V1.15.0RC1, STM32Cube_FW_WB_V1.16.0, STM32Cube_FW_WB_V1.16.0RC2, STM32Cube_FW_WL_V1.3.0, X-CUBE-ALGOBUILD_V1.3.0, X-CUBE-ALS_V1.0.1, X-CUBE-AZRTOS-F4_V1.1.0, X-CUBE-AZRTOS-F7_V1.1.0, X-CUBE-AZRTOS-G0_V1.1.0, X-CUBE-AZRTOS-G4_V1.0.0, X-CUBE-AZRTOS-H7_V3.0.0, X-CUBE-AZRTOS-L4_V1.0.0, X-CUBE-AZRTOS-L5_V1.1.0, X-CUBE-AZRTOS-WB_V1.1.0, X-CUBE-AZRTOS-WL_V1.0.0, X-CUBE-BLE1_V6.2.4, X-CUBE-BLE2_V3.3.0, X-CUBE-BLEMGR_V1.3.0, X-CUBE-EEPRMA1_V4.1.0, X-CUBE-GNSS1_V6.0.0, X-CUBE-MEMS1_V9.1.0, X-CUBE-MEMS1_V9.4.0, X-CUBE-MEMS1_V9.5.0, X-CUBE-NFC4_V3.0.0, X-CUBE-NFC7_V1.0.0, X-CUBE-SFXS2LP1_V4.0.0, X-CUBE-SUBG2_V5.0.0]
2023-04-22 15:53:43,788 [INFO] DbExamplesSqlite:375 - Ignored 46 examples not supported by CubeIDE
2023-04-22 15:53:43,788 [INFO] DbExamplesSqlite:376 - Found 7328 examples active
2023-04-22 15:53:43,789 [INFO] DbExamplesSqlite:377 - Found 1095 examples obsolete
2023-04-22 15:53:43,789 [INFO] DbExamplesSqlite:378 - Found 0 examples under development
2023-04-22 15:53:43,789 [INFO] DbExamplesSqlite:379 - Found 77 examples not building
2023-04-22 15:53:43,790 [INFO] DbExamples:124 - Found 7359 examples
2023-04-22 15:53:43,891 [ERROR] DbExamples:207 - Found 498 examples with invalid data (board or MCU)
2023-04-22 15:53:43,891 [INFO] DbExamples:221 - Found 85 boards with related examples
2023-04-22 15:53:43,892 [INFO] DbExamples:234 - Found 76 MCUs with related examples
2023-04-22 15:53:43,911 [INFO] ApiDb:413 - User favorites file not found: /home/tej/.stm32cubeide/favorites.examples.txt
2023-04-22 15:53:43,911 [INFO] DbExamples:249 - Set 0 / 0 favorites Examples
2023-04-22 15:53:44,145 [INFO] McuFinderGlobals:65 - Set McuFinderConnectedMode to true
2023-04-22 15:53:44,165 [INFO] MultiScanPanel:196 - Auto-refresh data requested => check proxy status ongoing
2023-04-22 15:53:44,171 [INFO] FinderPluginLoader:92 - Searching for filters in installed packs
2023-04-22 15:53:46,140 [INFO] LoadUrlFilesThread:179 - End of LoadServerUrlFiles without Thread
2023-04-22 15:53:46,180 [INFO] DetailPanel:339 - Set advertising image to /home/tej/STM32Cube/Repository//en.prom-stm32h5-mcu-finder.jpg
2023-04-22 15:53:52,418 [INFO] MultiScanPanel:196 - Auto-refresh data requested => check proxy status ongoing
2023-04-22 15:53:52,581 [INFO] LoadUrlFilesThread:179 - End of LoadServerUrlFiles without Thread
2023-04-22 15:53:52,581 [INFO] DetailPanel:339 - Set advertising image to /home/tej/STM32Cube/Repository//en.prom-stm32h5-mcu-finder.jpg
2023-04-22 15:53:52,598 [INFO] DbBoards:633 - Loading board mini-images...
2023-04-22 15:53:55,572 [INFO] DbBoards:656 - Loaded 179 board mini-images
2023-04-22 15:54:33,583 [INFO] McuFinderGlobals:65 - Set McuFinderConnectedMode to true
2023-04-22 15:54:33,586 [INFO] ApiDb:447 - Save user favorites file /home/tej/.stm32cubeide/favorites.mcus.txt: 0 item(s)
2023-04-22 15:54:33,586 [INFO] ApiDb:451 - User favorites MCUs=[]
2023-04-22 15:54:33,588 [INFO] ApiDb:447 - Save user favorites file /home/tej/.stm32cubeide/favorites.boards.txt: 1 item(s)
2023-04-22 15:54:33,588 [INFO] ApiDb:451 - User favorites Boards=[NUCLEO-F411RE]
